Consulta SQL: SELECT * FROM reservations WHERE 
                          reservation_date LIKE :query OR 
                          reservation_time LIKE :query OR 
                          num_people LIKE :query 
                          ORDER BY create_date DESC con valor: %%
Consulta SQL: SELECT * FROM reservations WHERE 
                          reservation_date LIKE :query OR 
                          reservation_time LIKE :query OR 
                          num_people LIKE :query 
                          ORDER BY create_date DESC con valor: %%
Valor de búsqueda recibido en controlador: ''
Consulta SQL: SELECT * FROM reservations WHERE 
                          reservation_date LIKE :query OR 
                          reservation_time LIKE :query OR 
                          num_people LIKE :query 
                          ORDER BY create_date DESC con valor: %%
Valor de búsqueda recibido en controlador: ''
Valor de búsqueda recibido en controlador: ''
Valor de búsqueda recibido en controlador: ''
Valor de búsqueda recibido en controlador: ''
Valor de búsqueda recibido en controlador: ''
Valor de búsqueda recibido en controlador: ''
